[debug] [2022-12-10T16:23:09.343Z] ----------------------------------------------------------------------
[debug] [2022-12-10T16:23:09.345Z] Command:       C:\Program Files\nodejs\node.exe C:\Users\rihan\AppData\Roaming\npm\node_modules\firebase-tools\lib\bin\firebase.js init
[debug] [2022-12-10T16:23:09.346Z] CLI Version:   11.14.4
[debug] [2022-12-10T16:23:09.346Z] Platform:      win32
[debug] [2022-12-10T16:23:09.346Z] Node Version:  v18.12.0
[debug] [2022-12-10T16:23:09.347Z] Time:          Sat Dec 10 2022 22:23:09 GMT+0600 (Bangladesh Standard Time)
[debug] [2022-12-10T16:23:09.347Z] ----------------------------------------------------------------------
[debug] 
[debug] [2022-12-10T16:23:09.356Z] > command requires scopes: ["email","openid","https://www.googleapis.com/auth/cloudplatformprojects.readonly","https://www.googleapis.com/auth/firebase","https://www.googleapis.com/auth/cloud-platform"]
[debug] [2022-12-10T16:23:09.356Z] > authorizing via signed-in user (rihanmahmud1415@gmail.com)
[info] 
     ######## #### ########  ######## ########     ###     ######  ########
     ##        ##  ##     ## ##       ##     ##  ##   ##  ##       ##
     ######    ##  ########  ######   ########  #########  ######  ######
     ##        ##  ##    ##  ##       ##     ## ##     ##       ## ##
     ##       #### ##     ## ######## ########  ##     ##  ######  ########

You're about to initialize a Firebase project in this directory:

  C:\projects\my-portfolio

Before we get started, keep in mind:

  * You are currently outside your home directory

[info] 
=== Project Setup
[info] 
[info] First, let's associate this project directory with a Firebase project.
[info] You can create multiple project aliases by running firebase use --add, 
[info] but for now we'll just set up a default project.
[info] 
[debug] [2022-12-10T16:23:36.332Z] > refreshing access token with scopes: []
[debug] [2022-12-10T16:23:36.334Z] >>> [apiv2][query] POST https://www.googleapis.com/oauth2/v3/token [none]
[debug] [2022-12-10T16:23:36.335Z] >>> [apiv2][body] POST https://www.googleapis.com/oauth2/v3/token [omitted]
[debug] [2022-12-10T16:23:36.814Z] <<< [apiv2][status] POST https://www.googleapis.com/oauth2/v3/token 200
[debug] [2022-12-10T16:23:36.815Z] <<< [apiv2][body] POST https://www.googleapis.com/oauth2/v3/token [omitted]
[debug] [2022-12-10T16:23:36.837Z] >>> [apiv2][query] GET https://firebase.googleapis.com/v1beta1/projects pageSize=100
[debug] [2022-12-10T16:23:37.710Z] <<< [apiv2][status] GET https://firebase.googleapis.com/v1beta1/projects 200
[debug] [2022-12-10T16:23:37.711Z] <<< [apiv2][body] GET https://firebase.googleapis.com/v1beta1/projects [omitted]
